#
# There is insufficient memory for the Java Runtime Environment to continue.
# Native memory allocation (mmap) failed to map 268435456 bytes for G1 virtual space
# Possible reasons:
#   The system is out of physical RAM or swap space
#   The process is running with CompressedOops enabled, and the Java Heap may be blocking the growth of the native heap
# Possible solutions:
#   Reduce memory load on the system
#   Increase physical memory or swap space
#   Check if swap backing store is full
#   Decrease Java heap size (-Xmx/-Xms)
#   Decrease number of Java threads
#   Decrease Java thread stack sizes (-Xss)
#   Set larger code cache with -XX:ReservedCodeCacheSize=
#   JVM is running with Zero Based Compressed Oops mode in which the Java heap is
#     placed in the first 32GB address space. The Java Heap base address is the
#     maximum limit for the native heap growth. Please use -XX:HeapBaseMinAddress
#     to set the Java Heap base and to place the Java Heap above 32GB virtual address.
# This output file may be truncated or incomplete.
#
#  Out of Memory Error (os_windows.cpp:3550), pid=2908, tid=12436
#
# JRE version:  (17.0.7+8) (build )
# Java VM: Java HotSpot(TM) 64-Bit Server VM (17.0.7+8-LTS-224, mixed mode, sharing, tiered, compressed oops, compressed class ptrs, g1 gc, windows-amd64)
# No core dump will be written. Minidumps are not enabled by default on client versions of Windows
#

---------------  S U M M A R Y ------------

Command Line: -Dclassworlds.conf=C:\Program Files\NetBeans-15\netbeans\java\maven\bin\m2.conf -Dmaven.home=C:\Program Files\NetBeans-15\netbeans\java\maven -Dlibrary.jansi.path=C:\Program Files\NetBeans-15\netbeans\java\maven\lib\jansi-native -Dmaven.multiModuleProjectDirectory=C:\Users\Maste\OneDrive\Documentos\GitHub\ahorcadoGame\AhorcadoSupervisor org.codehaus.plexus.classworlds.launcher.Launcher -Dexec.vmArgs= -Dexec.args=${exec.vmArgs} -classpath %classpath ${exec.mainClass} ${exec.appArgs} -Dexec.executable=C:\Program Files\Java\jdk-17\bin\java.exe -Dexec.mainClass=arrancador.Arrancador -Dexec.classpathScope=runtime -Dexec.appArgs= -Dmaven.ext.class.path=C:\Program Files\NetBeans-15\netbeans\java\maven-nblib\netbeans-eventspy.jar -Dfile.encoding=UTF-8 org.codehaus.mojo:exec-maven-plugin:3.0.0:exec

Host: AMD Ryzen 3 3200G with Radeon Vega Graphics    , 4 cores, 15G,  Windows 10 , 64 bit Build 19041 (10.0.19041.2913)
Time: Thu May 18 14:39:15 2023 Hora estándar Montañas, EE.UU. elapsed time: 0.023647 seconds (0d 0h 0m 0s)

---------------  T H R E A D  ---------------

Current thread (0x0000014cd58f0e50):  JavaThread "Unknown thread" [_thread_in_vm, id=12436, stack(0x000000176ce00000,0x000000176cf00000)]

Stack: [0x000000176ce00000,0x000000176cf00000]
Native frames: (J=compiled Java code, j=interpreted, Vv=VM code, C=native code)
V  [jvm.dll+0x676a4a]
V  [jvm.dll+0x7d74f4]
V  [jvm.dll+0x7d8c9e]
V  [jvm.dll+0x7d9303]
V  [jvm.dll+0x2452c5]
V  [jvm.dll+0x6738f9]
V  [jvm.dll+0x668232]
V  [jvm.dll+0x302826]
V  [jvm.dll+0x309da6]
V  [jvm.dll+0x35952e]
V  [jvm.dll+0x35975f]
V  [jvm.dll+0x2d9a38]
V  [jvm.dll+0x2da9a4]
V  [jvm.dll+0x7a8fb1]
V  [jvm.dll+0x3670e1]
V  [jvm.dll+0x788359]
V  [jvm.dll+0x3ea5ef]
V  [jvm.dll+0x3ec071]
C  [jli.dll+0x5297]
C  [ucrtbase.dll+0x21bb2]
C  [KERNEL32.DLL+0x17614]
C  [ntdll.dll+0x526a1]


---------------  P R O C E S S  ---------------

Threads class SMR info:
_java_thread_list=0x00007ffb64064998, length=0, elements={
}

Java Threads: ( => current thread )

Other Threads:
  0x0000014cd595bfc0 GCTaskThread "GC Thread#0" [stack: 0x000000176cf00000,0x000000176d000000] [id=11032]
  0x0000014cd596ce00 ConcurrentGCThread "G1 Main Marker" [stack: 0x000000176d000000,0x000000176d100000] [id=7272]
  0x0000014cd596dfb0 ConcurrentGCThread "G1 Conc#0" [stack: 0x000000176d100000,0x000000176d200000] [id=4580]

[error occurred during error reporting (printing all threads), id 0xc0000005, EXCEPTION_ACCESS_VIOLATION (0xc0000005) at pc=0x00007ffb6389a697]

VM state: not at safepoint (not fully initialized)

VM Mutex/Monitor currently owned by a thread:  ([mutex/lock_event])
[0x0000014cd58ec2a0] Heap_lock - owner thread: 0x0000014cd58f0e50

Heap address: 0x0000000701000000, size: 4080 MB, Compressed Oops mode: Zero based, Oop shift amount: 3

CDS archive(s) mapped at: [0x0000000000000000-0x0000000000000000-0x0000000000000000), size 0, SharedBaseAddress: 0x0000000800000000, ArchiveRelocationMode: 0.
Narrow klass base: 0x0000000000000000, Narrow klass shift: 0, Narrow klass range: 0x0

GC Precious Log:
<Empty>

Heap:
 garbage-first heap   total 0K, used 0K [0x0000000701000000, 0x0000000800000000)
  region size 2048K, 0 young (0K), 0 survivors (0K)

[error occurred during error reporting (printing heap information), id 0xc0000005, EXCEPTION_ACCESS_VIOLATION (0xc0000005) at pc=0x00007ffb63c800b9]

GC Heap History (0 events):
No events

Deoptimization events (0 events):
No events

Classes unloaded (0 events):
No events

Classes redefined (0 events):
No events

Internal exceptions (0 events):
No events

VM Operations (0 events):
No events

Events (1 events):
Event: 0.016 Loaded shared library C:\Program Files\Java\jdk-17\bin\java.dll


Dynamic libraries:
0x00007ff76d460000 - 0x00007ff76d470000 	C:\Program Files\Java\jdk-17\bin\java.exe
0x00007ffbf6a50000 - 0x00007ffbf6c48000 	C:\WINDOWS\SYSTEM32\ntdll.dll
0x00007ffbf5250000 - 0x00007ffbf530f000 	C:\WINDOWS\System32\KERNEL32.DLL
0x00007ffbf41e0000 - 0x00007ffbf44d6000 	C:\WINDOWS\System32\KERNELBASE.dll
0x00007ffbf45a0000 - 0x00007ffbf46a0000 	C:\WINDOWS\System32\ucrtbase.dll
0x00007ffbdf770000 - 0x00007ffbdf789000 	C:\Program Files\Java\jdk-17\bin\jli.dll
0x00007ffbdf6c0000 - 0x00007ffbdf6db000 	C:\Program Files\Java\jdk-17\bin\VCRUNTIME140.dll
0x00007ffbf4b60000 - 0x00007ffbf4c0f000 	C:\WINDOWS\System32\ADVAPI32.dll
0x00007ffbf57d0000 - 0x00007ffbf586e000 	C:\WINDOWS\System32\msvcrt.dll
0x00007ffbf5580000 - 0x00007ffbf561c000 	C:\WINDOWS\System32\sechost.dll
0x00007ffbf4c80000 - 0x00007ffbf4da6000 	C:\WINDOWS\System32\RPCRT4.dll
0x00007ffbf5310000 - 0x00007ffbf54ad000 	C:\WINDOWS\System32\USER32.dll
0x00007ffbf4800000 - 0x00007ffbf4822000 	C:\WINDOWS\System32\win32u.dll
0x00007ffbe1d10000 - 0x00007ffbe1faa000 	C:\WINDOWS\WinSxS\amd64_microsoft.windows.common-controls_6595b64144ccf1df_6.0.19041.1110_none_60b5254171f9507e\COMCTL32.dll
0x00007ffbf5870000 - 0x00007ffbf589c000 	C:\WINDOWS\System32\GDI32.dll
0x00007ffbf4990000 - 0x00007ffbf4aa5000 	C:\WINDOWS\System32\gdi32full.dll
0x00007ffbf46d0000 - 0x00007ffbf476d000 	C:\WINDOWS\System32\msvcp_win.dll
0x00007ffbeb850000 - 0x00007ffbeb85a000 	C:\WINDOWS\SYSTEM32\VERSION.dll
0x00007ffbf6330000 - 0x00007ffbf6360000 	C:\WINDOWS\System32\IMM32.DLL
0x00007ffbd58a0000 - 0x00007ffbd58ac000 	C:\Program Files\Java\jdk-17\bin\vcruntime140_1.dll
0x00007ffb62b00000 - 0x00007ffb62b8e000 	C:\Program Files\Java\jdk-17\bin\msvcp140.dll
0x00007ffb635b0000 - 0x00007ffb6418d000 	C:\Program Files\Java\jdk-17\bin\server\jvm.dll
0x00007ffbf6a00000 - 0x00007ffbf6a08000 	C:\WINDOWS\System32\PSAPI.DLL
0x00007ffbdfc50000 - 0x00007ffbdfc59000 	C:\WINDOWS\SYSTEM32\WSOCK32.dll
0x00007ffbf6360000 - 0x00007ffbf63cb000 	C:\WINDOWS\System32\WS2_32.dll
0x00007ffbe9540000 - 0x00007ffbe9567000 	C:\WINDOWS\SYSTEM32\WINMM.dll
0x00007ffbf2010000 - 0x00007ffbf2022000 	C:\WINDOWS\SYSTEM32\kernel.appcore.dll
0x00007ffbd5830000 - 0x00007ffbd583a000 	C:\Program Files\Java\jdk-17\bin\jimage.dll
0x00007ffbec980000 - 0x00007ffbecb64000 	C:\WINDOWS\SYSTEM32\DBGHELP.DLL
0x00007ffbe35d0000 - 0x00007ffbe3604000 	C:\WINDOWS\SYSTEM32\dbgcore.DLL
0x00007ffbf4770000 - 0x00007ffbf47f2000 	C:\WINDOWS\System32\bcryptPrimitives.dll
0x00007ffbd5870000 - 0x00007ffbd5895000 	C:\Program Files\Java\jdk-17\bin\java.dll

dbghelp: loaded successfully - version: 4.0.5 - missing functions: none
symbol engine: initialized successfully - sym options: 0x614 - pdb path: .;C:\Program Files\Java\jdk-17\bin;C:\WINDOWS\SYSTEM32;C:\WINDOWS\WinSxS\amd64_microsoft.windows.common-controls_6595b64144ccf1df_6.0.19041.1110_none_60b5254171f9507e;C:\Program Files\Java\jdk-17\bin\server

VM Arguments:
jvm_args: -Dclassworlds.conf=C:\Program Files\NetBeans-15\netbeans\java\maven\bin\m2.conf -Dmaven.home=C:\Program Files\NetBeans-15\netbeans\java\maven -Dlibrary.jansi.path=C:\Program Files\NetBeans-15\netbeans\java\maven\lib\jansi-native -Dmaven.multiModuleProjectDirectory=C:\Users\Maste\OneDrive\Documentos\GitHub\ahorcadoGame\AhorcadoSupervisor 
java_command: org.codehaus.plexus.classworlds.launcher.Launcher -Dexec.vmArgs= -Dexec.args=${exec.vmArgs} -classpath %classpath ${exec.mainClass} ${exec.appArgs} -Dexec.executable=C:\Program Files\Java\jdk-17\bin\java.exe -Dexec.mainClass=arrancador.Arrancador -Dexec.classpathScope=runtime -Dexec.appArgs= -Dmaven.ext.class.path=C:\Program Files\NetBeans-15\netbeans\java\maven-nblib\netbeans-eventspy.jar -Dfile.encoding=UTF-8 org.codehaus.mojo:exec-maven-plugin:3.0.0:exec
java_class_path (initial): C:\Program Files\NetBeans-15\netbeans\java\maven\boot\plexus-classworlds-2.6.0.jar
Launcher Type: SUN_STANDARD

[Global flags]
     intx CICompilerCount                          = 3                                         {product} {ergonomic}
     uint ConcGCThreads                            = 1                                         {product} {ergonomic}
     uint G1ConcRefinementThreads                  = 4                                         {product} {ergonomic}
   size_t G1HeapRegionSize                         = 2097152                                   {product} {ergonomic}
    uintx GCDrainStackTargetSize                   = 64                                        {product} {ergonomic}
   size_t InitialHeapSize                          = 268435456                                 {product} {ergonomic}
   size_t MarkStackSize                            = 4194304                                   {product} {ergonomic}
   size_t MaxHeapSize                              = 4278190080                                {product} {ergonomic}
   size_t MinHeapDeltaBytes                        = 2097152                                   {product} {ergonomic}
   size_t MinHeapSize                              = 8388608                                   {product} {ergonomic}
    uintx NonNMethodCodeHeapSize                   = 5832780                                {pd product} {ergonomic}
    uintx NonProfiledCodeHeapSize                  = 122912730                              {pd product} {ergonomic}
    uintx ProfiledCodeHeapSize                     = 122912730                              {pd product} {ergonomic}
    uintx ReservedCodeCacheSize                    = 251658240                              {pd product} {ergonomic}
     bool SegmentedCodeCache                       = true                                      {product} {ergonomic}
   size_t SoftMaxHeapSize                          = 4278190080                             {manageable} {ergonomic}
     bool UseCompressedClassPointers               = true                           {product lp64_product} {ergonomic}
     bool UseCompressedOops                        = true                           {product lp64_product} {ergonomic}
     bool UseG1GC                                  = true                                      {product} {ergonomic}
     bool UseLargePagesIndividualAllocation        = false                                  {pd product} {ergonomic}

Logging:
Log output configuration:
 #0: stdout all=warning uptime,level,tags
 #1: stderr all=off uptime,level,tags

Environment Variables:
JAVA_HOME=C:\Program Files\Java\jdk-17
PATH=C:\Program Files\Common Files\Oracle\Java\javapath;C:\Program Files (x86)\NVIDIA Corporation\PhysX\Common;C:\Program Files\Microsoft MPI\Bin\;C:\ProgramData\Oracle\Java\javapath;C:\WINDOWS\system32;C:\WINDOWS;C:\WINDOWS\System32\Wbem;C:\WINDOWS\System32\WindowsPowerShell\v1.0\;C:\WINDOWS\System32\OpenSSH\;C:\Program Files\Azure Data Studio\bin;C:\Program Files\MySQL\MySQL Server 5.1\bin;C:\Program Files\Java\jdk-19\bin;C:\Program Files\dotnet\;C:\Program Files\MySQL\MySQL Shell 8.0\bin\;C:\Users\Maste\AppData\Local\Microsoft\WindowsApps;C:\Program Files\Azure Data Studio\bin;C:\Users\Maste\AppData\Local\GitHubDesktop\bin;C:\Users\Maste\AppData\Local\Programs\Microsoft VS Code\bin;C:\Users\Maste\.dotnet\tools;C:\sqlite;
USERNAME=Maste
OS=Windows_NT
PROCESSOR_IDENTIFIER=AMD64 Family 23 Model 24 Stepping 1, AuthenticAMD



---------------  S Y S T E M  ---------------

OS:
 Windows 10 , 64 bit Build 19041 (10.0.19041.2913)
OS uptime: 0 days 1:50 hours

CPU: total 4 (initial active 4) (4 cores per cpu, 1 threads per core) family 23 model 24 stepping 1 microcode 0x0, cx8, cmov, fxsr, mmx, 3dnowpref, sse, sse2, sse3, ssse3, sse4a, sse4.1, sse4.2, popcnt, lzcnt, tsc, tscinvbit, avx, avx2, aes, clmul, bmi1, bmi2, adx, sha, fma, vzeroupper, clflush, clflushopt

Memory: 4k page, system-wide physical 16315M (4401M free)
TotalPageFile size 21219M (AvailPageFile size 250M)
current process WorkingSet (physical memory assigned to process): 10M, peak: 10M
current process commit charge ("private bytes"): 51M, peak: 307M

vm_info: Java HotSpot(TM) 64-Bit Server VM (17.0.7+8-LTS-224) for windows-amd64 JRE (17.0.7+8-LTS-224), built on Feb 28 2023 23:03:02 by "mach5one" with MS VC++ 17.1 (VS2022)

END.
